
===========================================================================
Model "JETSON_NANO_FIXED" exists. Name "JETSON_NANO_FIXED_1" used instead.
===========================================================================

===========================================================================
Model "142-13449-1000-A02" exists. Name "142-13449-1000-A02_1" used instead.
===========================================================================

===========================================================================
Model "315-1109-000_1" exists. Name "315-1109-000_1_1" used instead.
===========================================================================

===========================================================================
Model "064-0377-000_2" exists. Name "064-0377-000_2_1" used instead.
===========================================================================

===========================================================================
Model "BODY1-7671" exists. Name "BODY1-7671_1" used instead.
===========================================================================

===========================================================================
Model "BODY2-7672" exists. Name "BODY2-7672_1" used instead.
===========================================================================

===========================================================================
Model "BODY3-7673" exists. Name "BODY3-7673_1" used instead.
===========================================================================

===========================================================================
Model "090-0096-000_1" exists. Name "090-0096-000_1_1" used instead.
===========================================================================

===========================================================================
Model "090-0309-000_1" exists. Name "090-0309-000_1_1" used instead.
===========================================================================

===========================================================================
Model "115-1232-000_2" exists. Name "115-1232-000_2_1" used instead.
===========================================================================

===========================================================================
Model "BODY1-7677" exists. Name "BODY1-7677_1" used instead.
===========================================================================

===========================================================================
Model "BODY2-7678" exists. Name "BODY2-7678_1" used instead.
===========================================================================

===========================================================================
Model "BODY3-7679" exists. Name "BODY3-7679_1" used instead.
===========================================================================

===========================================================================
Model "BODY4-7680" exists. Name "BODY4-7680_1" used instead.
===========================================================================

===========================================================================
Model "BODY5-7681" exists. Name "BODY5-7681_1" used instead.
===========================================================================

===========================================================================
Model "BODY6-7682" exists. Name "BODY6-7682_1" used instead.
===========================================================================

===========================================================================
Model "BODY7-7683" exists. Name "BODY7-7683_1" used instead.
===========================================================================

===========================================================================
Model "BODY8-7684" exists. Name "BODY8-7684_1" used instead.
===========================================================================

===========================================================================
Model "BODY9-7685" exists. Name "BODY9-7685_1" used instead.
===========================================================================

===========================================================================
Model "064-0400-000_1" exists. Name "064-0400-000_1_1" used instead.
===========================================================================

===========================================================================
Model "MEC_STANDOFF_PTH_620C380P" exists. Name "MEC_STANDOFF_PTH_620C380P_1" used instead.
===========================================================================

===========================================================================
Model "BODY1-7689" exists. Name "BODY1-7689_1" used instead.
===========================================================================

===========================================================================
Model "BODY2-7690" exists. Name "BODY2-7690_1" used instead.
===========================================================================

===========================================================================
Model "BODY3-7691" exists. Name "BODY3-7691_1" used instead.
===========================================================================

===========================================================================
Model "BODY4-7692" exists. Name "BODY4-7692_1" used instead.
===========================================================================

===========================================================================
Model "BODY5-7693" exists. Name "BODY5-7693_1" used instead.
===========================================================================

===========================================================================
Model "BODY6-7694" exists. Name "BODY6-7694_1" used instead.
===========================================================================

===========================================================================
Model "BODY7-7695" exists. Name "BODY7-7695_1" used instead.
===========================================================================

===========================================================================
Model "131-0832-000_2" exists. Name "131-0832-000_2_1" used instead.
===========================================================================

===========================================================================
Model "315-0620-000_1" exists. Name "315-0620-000_1_1" used instead.
===========================================================================

===========================================================================
Model "315-1062-000_1" exists. Name "315-1062-000_1_1" used instead.
===========================================================================

===========================================================================
Model "170-0285-000_1" exists. Name "170-0285-000_1_1" used instead.
===========================================================================

===========================================================================
Model "115-0138-000_1" exists. Name "115-0138-000_1_1" used instead.
===========================================================================

===========================================================================
Model "091-0022-000_1" exists. Name "091-0022-000_1_1" used instead.
===========================================================================

===========================================================================
Model "091-0023-000_1" exists. Name "091-0023-000_1_1" used instead.
===========================================================================

===========================================================================
Model "BODY2-7706" exists. Name "BODY2-7706_1" used instead.
===========================================================================

===========================================================================
Model "BODY3-7707" exists. Name "BODY3-7707_1" used instead.
===========================================================================

===========================================================================
Model "BODY4-7708" exists. Name "BODY4-7708_1" used instead.
===========================================================================

===========================================================================
Model "BODY5-7709" exists. Name "BODY5-7709_1" used instead.
===========================================================================

===========================================================================
Model "BODY1-7710" exists. Name "BODY1-7710_1" used instead.
===========================================================================

===========================================================================
Model "BODY2-7711" exists. Name "BODY2-7711_1" used instead.
===========================================================================

===========================================================================
Model "BODY3-7712" exists. Name "BODY3-7712_1" used instead.
===========================================================================

===========================================================================
Model "BODY4-7713" exists. Name "BODY4-7713_1" used instead.
===========================================================================

===========================================================================
Model "BODY5-7714" exists. Name "BODY5-7714_1" used instead.
===========================================================================

===========================================================================
Model "BODY6-7715" exists. Name "BODY6-7715_1" used instead.
===========================================================================

===========================================================================
Model "BODY7-7716" exists. Name "BODY7-7716_1" used instead.
===========================================================================

===========================================================================
Model "BODY8-7717" exists. Name "BODY8-7717_1" used instead.
===========================================================================

===========================================================================
Model "BODY9-7718" exists. Name "BODY9-7718_1" used instead.
===========================================================================

===========================================================================
Model "BODY10-7719" exists. Name "BODY10-7719_1" used instead.
===========================================================================

===========================================================================
Model "BODY11-7720" exists. Name "BODY11-7720_1" used instead.
===========================================================================

===========================================================================
Model "BODY12-7721" exists. Name "BODY12-7721_1" used instead.
===========================================================================

===========================================================================
Model "BODY13-7722" exists. Name "BODY13-7722_1" used instead.
===========================================================================

===========================================================================
Model "BODY14-7723" exists. Name "BODY14-7723_1" used instead.
===========================================================================

===========================================================================
Model "BODY15-7724" exists. Name "BODY15-7724_1" used instead.
===========================================================================

===========================================================================
Model "BODY16-7725" exists. Name "BODY16-7725_1" used instead.
===========================================================================

===========================================================================
Model "BODY17-7726" exists. Name "BODY17-7726_1" used instead.
===========================================================================

===========================================================================
Model "BODY18-7727" exists. Name "BODY18-7727_1" used instead.
===========================================================================

===========================================================================
Model "BODY19-7728" exists. Name "BODY19-7728_1" used instead.
===========================================================================

===========================================================================
Model "BODY20-7729" exists. Name "BODY20-7729_1" used instead.
===========================================================================

===========================================================================
Model "BODY21-7730" exists. Name "BODY21-7730_1" used instead.
===========================================================================

===========================================================================
Model "BODY22-7731" exists. Name "BODY22-7731_1" used instead.
===========================================================================

===========================================================================
Model "BODY23-7732" exists. Name "BODY23-7732_1" used instead.
===========================================================================

===========================================================================
Model "BODY24-7733" exists. Name "BODY24-7733_1" used instead.
===========================================================================

===========================================================================
Model "BODY25-7734" exists. Name "BODY25-7734_1" used instead.
===========================================================================

===========================================================================
Model "BODY26-7735" exists. Name "BODY26-7735_1" used instead.
===========================================================================

===========================================================================
Model "BODY27-7736" exists. Name "BODY27-7736_1" used instead.
===========================================================================

===========================================================================
Model "BODY28-7737" exists. Name "BODY28-7737_1" used instead.
===========================================================================

===========================================================================
Model "BODY29-7738" exists. Name "BODY29-7738_1" used instead.
===========================================================================

===========================================================================
Model "BODY30-7739" exists. Name "BODY30-7739_1" used instead.
===========================================================================

===========================================================================
Model "BODY31-7740" exists. Name "BODY31-7740_1" used instead.
===========================================================================

===========================================================================
Model "BODY32-7741" exists. Name "BODY32-7741_1" used instead.
===========================================================================

===========================================================================
Model "BODY33-7742" exists. Name "BODY33-7742_1" used instead.
===========================================================================

===========================================================================
Model "BODY34-7743" exists. Name "BODY34-7743_1" used instead.
===========================================================================

===========================================================================
Model "BODY35-7744" exists. Name "BODY35-7744_1" used instead.
===========================================================================

===========================================================================
Model "BODY36-7745" exists. Name "BODY36-7745_1" used instead.
===========================================================================

===========================================================================
Model "BODY37-7746" exists. Name "BODY37-7746_1" used instead.
===========================================================================

===========================================================================
Model "BODY38-7747" exists. Name "BODY38-7747_1" used instead.
===========================================================================

===========================================================================
Model "BODY39-7748" exists. Name "BODY39-7748_1" used instead.
===========================================================================

===========================================================================
Model "BODY40-7749" exists. Name "BODY40-7749_1" used instead.
===========================================================================

===========================================================================
Model "BODY41-7750" exists. Name "BODY41-7750_1" used instead.
===========================================================================

===========================================================================
Model "BODY42-7751" exists. Name "BODY42-7751_1" used instead.
===========================================================================

===========================================================================
Model "BODY43-7752" exists. Name "BODY43-7752_1" used instead.
===========================================================================

===========================================================================
Model "BODY44-7753" exists. Name "BODY44-7753_1" used instead.
===========================================================================

===========================================================================
Model "BODY45-7754" exists. Name "BODY45-7754_1" used instead.
===========================================================================

===========================================================================
Model "BODY46-7755" exists. Name "BODY46-7755_1" used instead.
===========================================================================

===========================================================================
Model "BODY47-7756" exists. Name "BODY47-7756_1" used instead.
===========================================================================

===========================================================================
Model "BODY48-7757" exists. Name "BODY48-7757_1" used instead.
===========================================================================

===========================================================================
Model "BODY49-7758" exists. Name "BODY49-7758_1" used instead.
===========================================================================

===========================================================================
Model "BODY50-7759" exists. Name "BODY50-7759_1" used instead.
===========================================================================

===========================================================================
Model "BODY51-7760" exists. Name "BODY51-7760_1" used instead.
===========================================================================

===========================================================================
Model "BODY52-7761" exists. Name "BODY52-7761_1" used instead.
===========================================================================

===========================================================================
Model "BODY53-7762" exists. Name "BODY53-7762_1" used instead.
===========================================================================

===========================================================================
Model "BODY54-7763" exists. Name "BODY54-7763_1" used instead.
===========================================================================

===========================================================================
Model "BODY55-7764" exists. Name "BODY55-7764_1" used instead.
===========================================================================

===========================================================================
Model "BODY56-7765" exists. Name "BODY56-7765_1" used instead.
===========================================================================

===========================================================================
Model "BODY57-7766" exists. Name "BODY57-7766_1" used instead.
===========================================================================

===========================================================================
Model "BODY58-7767" exists. Name "BODY58-7767_1" used instead.
===========================================================================

===========================================================================
Model "BODY59-7768" exists. Name "BODY59-7768_1" used instead.
===========================================================================

===========================================================================
Model "BODY60-7769" exists. Name "BODY60-7769_1" used instead.
===========================================================================

===========================================================================
Model "BODY61-7770" exists. Name "BODY61-7770_1" used instead.
===========================================================================

===========================================================================
Model "BODY62-7771" exists. Name "BODY62-7771_1" used instead.
===========================================================================

===========================================================================
Model "BODY63-7772" exists. Name "BODY63-7772_1" used instead.
===========================================================================

===========================================================================
Model "BODY64-7773" exists. Name "BODY64-7773_1" used instead.
===========================================================================

===========================================================================
Model "BODY65-7774" exists. Name "BODY65-7774_1" used instead.
===========================================================================

===========================================================================
Model "BODY66-7775" exists. Name "BODY66-7775_1" used instead.
===========================================================================

===========================================================================
Model "BODY67-7776" exists. Name "BODY67-7776_1" used instead.
===========================================================================

===========================================================================
Model "BODY68-7777" exists. Name "BODY68-7777_1" used instead.
===========================================================================

===========================================================================
Model "BODY69-7778" exists. Name "BODY69-7778_1" used instead.
===========================================================================

===========================================================================
Model "BODY70-7779" exists. Name "BODY70-7779_1" used instead.
===========================================================================

===========================================================================
Model "BODY71-7780" exists. Name "BODY71-7780_1" used instead.
===========================================================================

===========================================================================
Model "BODY72-7781" exists. Name "BODY72-7781_1" used instead.
===========================================================================

===========================================================================
Model "BODY73" exists. Name "BODY73_1" used instead.
===========================================================================

===========================================================================
Model "BODY74" exists. Name "BODY74_1" used instead.
===========================================================================

===========================================================================
Model "BODY75" exists. Name "BODY75_1" used instead.
===========================================================================

===========================================================================
Model "BODY76" exists. Name "BODY76_1" used instead.
===========================================================================

===========================================================================
Model "BODY77" exists. Name "BODY77_1" used instead.
===========================================================================

===========================================================================
Model "BODY78" exists. Name "BODY78_1" used instead.
===========================================================================

===========================================================================
Model "BODY79" exists. Name "BODY79_1" used instead.
===========================================================================

===========================================================================
Model "BODY80" exists. Name "BODY80_1" used instead.
===========================================================================

===========================================================================
Model "BODY81" exists. Name "BODY81_1" used instead.
===========================================================================

===========================================================================
Model "BODY82" exists. Name "BODY82_1" used instead.
===========================================================================

===========================================================================
Model "BODY83" exists. Name "BODY83_1" used instead.
===========================================================================

===========================================================================
Model "BODY84" exists. Name "BODY84_1" used instead.
===========================================================================

===========================================================================
Model "BODY85" exists. Name "BODY85_1" used instead.
===========================================================================

===========================================================================
Model "BODY86" exists. Name "BODY86_1" used instead.
===========================================================================

===========================================================================
Model "BODY87" exists. Name "BODY87_1" used instead.
===========================================================================

===========================================================================
Model "BODY88" exists. Name "BODY88_1" used instead.
===========================================================================

===========================================================================
Model "BODY89" exists. Name "BODY89_1" used instead.
===========================================================================

===========================================================================
Model "BODY90" exists. Name "BODY90_1" used instead.
===========================================================================

===========================================================================
Model "BODY91" exists. Name "BODY91_1" used instead.
===========================================================================

===========================================================================
Model "BODY92" exists. Name "BODY92_1" used instead.
===========================================================================

===========================================================================
Model "BODY93" exists. Name "BODY93_1" used instead.
===========================================================================

===========================================================================
Model "BODY94" exists. Name "BODY94_1" used instead.
===========================================================================

===========================================================================
Model "BODY95" exists. Name "BODY95_1" used instead.
===========================================================================

===========================================================================
Model "BODY96" exists. Name "BODY96_1" used instead.
===========================================================================

===========================================================================
Model "BODY97" exists. Name "BODY97_1" used instead.
===========================================================================

===========================================================================
Model "BODY98" exists. Name "BODY98_1" used instead.
===========================================================================

===========================================================================
Model "BODY99" exists. Name "BODY99_1" used instead.
===========================================================================

===========================================================================
Model "BODY100" exists. Name "BODY100_1" used instead.
===========================================================================

===========================================================================
Model "BODY101" exists. Name "BODY101_1" used instead.
===========================================================================

===========================================================================
Model "BODY102" exists. Name "BODY102_1" used instead.
===========================================================================

===========================================================================
Model "BODY103" exists. Name "BODY103_1" used instead.
===========================================================================

===========================================================================
Model "BODY104" exists. Name "BODY104_1" used instead.
===========================================================================

===========================================================================
Model "BODY105" exists. Name "BODY105_1" used instead.
===========================================================================

===========================================================================
Model "BODY106" exists. Name "BODY106_1" used instead.
===========================================================================

===========================================================================
Model "BODY107" exists. Name "BODY107_1" used instead.
===========================================================================

===========================================================================
Model "BODY108" exists. Name "BODY108_1" used instead.
===========================================================================

===========================================================================
Model "BODY109" exists. Name "BODY109_1" used instead.
===========================================================================

===========================================================================
Model "BODY110" exists. Name "BODY110_1" used instead.
===========================================================================

===========================================================================
Model "BODY111" exists. Name "BODY111_1" used instead.
===========================================================================

===========================================================================
Model "BODY112" exists. Name "BODY112_1" used instead.
===========================================================================

===========================================================================
Model "BODY113" exists. Name "BODY113_1" used instead.
===========================================================================

===========================================================================
Model "BODY114" exists. Name "BODY114_1" used instead.
===========================================================================

===========================================================================
Model "BODY115" exists. Name "BODY115_1" used instead.
===========================================================================

===========================================================================
Model "BODY116" exists. Name "BODY116_1" used instead.
===========================================================================

===========================================================================
Model "BODY117" exists. Name "BODY117_1" used instead.
===========================================================================

===========================================================================
Model "BODY118" exists. Name "BODY118_1" used instead.
===========================================================================

===========================================================================
Model "BODY119" exists. Name "BODY119_1" used instead.
===========================================================================

===========================================================================
Model "BODY120" exists. Name "BODY120_1" used instead.
===========================================================================

===========================================================================
Model "BODY121" exists. Name "BODY121_1" used instead.
===========================================================================

===========================================================================
Model "BODY122" exists. Name "BODY122_1" used instead.
===========================================================================

===========================================================================
Model "BODY123" exists. Name "BODY123_1" used instead.
===========================================================================

===========================================================================
Model "BODY124" exists. Name "BODY124_1" used instead.
===========================================================================

===========================================================================
Model "BODY125" exists. Name "BODY125_1" used instead.
===========================================================================

===========================================================================
Model "BODY126" exists. Name "BODY126_1" used instead.
===========================================================================

===========================================================================
Model "BODY127" exists. Name "BODY127_1" used instead.
===========================================================================

===========================================================================
Model "BODY128" exists. Name "BODY128_1" used instead.
===========================================================================

===========================================================================
Model "BODY129" exists. Name "BODY129_1" used instead.
===========================================================================

===========================================================================
Model "BODY130" exists. Name "BODY130_1" used instead.
===========================================================================

===========================================================================
Model "BODY131" exists. Name "BODY131_1" used instead.
===========================================================================

===========================================================================
Model "BODY132" exists. Name "BODY132_1" used instead.
===========================================================================

===========================================================================
Model "BODY133" exists. Name "BODY133_1" used instead.
===========================================================================

===========================================================================
Model "BODY134" exists. Name "BODY134_1" used instead.
===========================================================================

===========================================================================
Model "BODY135" exists. Name "BODY135_1" used instead.
===========================================================================

===========================================================================
Model "BODY136" exists. Name "BODY136_1" used instead.
===========================================================================

===========================================================================
Model "BODY137" exists. Name "BODY137_1" used instead.
===========================================================================

===========================================================================
Model "BODY138" exists. Name "BODY138_1" used instead.
===========================================================================

===========================================================================
Model "BODY139" exists. Name "BODY139_1" used instead.
===========================================================================

===========================================================================
Model "BODY140" exists. Name "BODY140_1" used instead.
===========================================================================

===========================================================================
Model "BODY141" exists. Name "BODY141_1" used instead.
===========================================================================

===========================================================================
Model "BODY142" exists. Name "BODY142_1" used instead.
===========================================================================

===========================================================================
Model "BODY143" exists. Name "BODY143_1" used instead.
===========================================================================

===========================================================================
Model "BODY144" exists. Name "BODY144_1" used instead.
===========================================================================

===========================================================================
Model "BODY145" exists. Name "BODY145_1" used instead.
===========================================================================

===========================================================================
Model "BODY146" exists. Name "BODY146_1" used instead.
===========================================================================

===========================================================================
Model "BODY147" exists. Name "BODY147_1" used instead.
===========================================================================

===========================================================================
Model "BODY148" exists. Name "BODY148_1" used instead.
===========================================================================

===========================================================================
Model "BODY149" exists. Name "BODY149_1" used instead.
===========================================================================

===========================================================================
Model "BODY150" exists. Name "BODY150_1" used instead.
===========================================================================

===========================================================================
Model "BODY151" exists. Name "BODY151_1" used instead.
===========================================================================

===========================================================================
Model "BODY152" exists. Name "BODY152_1" used instead.
===========================================================================

===========================================================================
Model "BODY153" exists. Name "BODY153_1" used instead.
===========================================================================

===========================================================================
Model "BODY154" exists. Name "BODY154_1" used instead.
===========================================================================

===========================================================================
Model "BODY155" exists. Name "BODY155_1" used instead.
===========================================================================

===========================================================================
Model "BODY156" exists. Name "BODY156_1" used instead.
===========================================================================

===========================================================================
Model "BODY157" exists. Name "BODY157_1" used instead.
===========================================================================

===========================================================================
Model "BODY158" exists. Name "BODY158_1" used instead.
===========================================================================

===========================================================================
Model "BODY159" exists. Name "BODY159_1" used instead.
===========================================================================

===========================================================================
Model "BODY160" exists. Name "BODY160_1" used instead.
===========================================================================

===========================================================================
Model "BODY161" exists. Name "BODY161_1" used instead.
===========================================================================

===========================================================================
Model "BODY162" exists. Name "BODY162_1" used instead.
===========================================================================

===========================================================================
Model "BODY163" exists. Name "BODY163_1" used instead.
===========================================================================

===========================================================================
Model "BODY164" exists. Name "BODY164_1" used instead.
===========================================================================

===========================================================================
Model "BODY165" exists. Name "BODY165_1" used instead.
===========================================================================

===========================================================================
Model "BODY166" exists. Name "BODY166_1" used instead.
===========================================================================

===========================================================================
Model "BODY167" exists. Name "BODY167_1" used instead.
===========================================================================

===========================================================================
Model "BODY168" exists. Name "BODY168_1" used instead.
===========================================================================

===========================================================================
Model "BODY169" exists. Name "BODY169_1" used instead.
===========================================================================

===========================================================================
Model "BODY170" exists. Name "BODY170_1" used instead.
===========================================================================

===========================================================================
Model "BODY171" exists. Name "BODY171_1" used instead.
===========================================================================

===========================================================================
Model "BODY172" exists. Name "BODY172_1" used instead.
===========================================================================

===========================================================================
Model "BODY173" exists. Name "BODY173_1" used instead.
===========================================================================

===========================================================================
Model "BODY174" exists. Name "BODY174_1" used instead.
===========================================================================

===========================================================================
Model "BODY175" exists. Name "BODY175_1" used instead.
===========================================================================

===========================================================================
Model "BODY176" exists. Name "BODY176_1" used instead.
===========================================================================

===========================================================================
Model "BODY177" exists. Name "BODY177_1" used instead.
===========================================================================

===========================================================================
Model "BODY178" exists. Name "BODY178_1" used instead.
===========================================================================

===========================================================================
Model "BODY179" exists. Name "BODY179_1" used instead.
===========================================================================

===========================================================================
Model "BODY180" exists. Name "BODY180_1" used instead.
===========================================================================

===========================================================================
Model "BODY181" exists. Name "BODY181_1" used instead.
===========================================================================

===========================================================================
Model "BODY182" exists. Name "BODY182_1" used instead.
===========================================================================

===========================================================================
Model "BODY183" exists. Name "BODY183_1" used instead.
===========================================================================

===========================================================================
Model "BODY184" exists. Name "BODY184_1" used instead.
===========================================================================

===========================================================================
Model "BODY185" exists. Name "BODY185_1" used instead.
===========================================================================

===========================================================================
Model "BODY186" exists. Name "BODY186_1" used instead.
===========================================================================

===========================================================================
Model "BODY187" exists. Name "BODY187_1" used instead.
===========================================================================

===========================================================================
Model "BODY188" exists. Name "BODY188_1" used instead.
===========================================================================

===========================================================================
Model "BODY189" exists. Name "BODY189_1" used instead.
===========================================================================

===========================================================================
Model "BODY190" exists. Name "BODY190_1" used instead.
===========================================================================

===========================================================================
Model "BODY191" exists. Name "BODY191_1" used instead.
===========================================================================

===========================================================================
Model "BODY192" exists. Name "BODY192_1" used instead.
===========================================================================

===========================================================================
Model "BODY193" exists. Name "BODY193_1" used instead.
===========================================================================

===========================================================================
Model "BODY194" exists. Name "BODY194_1" used instead.
===========================================================================

===========================================================================
Model "BODY195" exists. Name "BODY195_1" used instead.
===========================================================================

===========================================================================
Model "BODY196" exists. Name "BODY196_1" used instead.
===========================================================================

===========================================================================
Model "BODY197" exists. Name "BODY197_1" used instead.
===========================================================================

===========================================================================
Model "BODY198" exists. Name "BODY198_1" used instead.
===========================================================================

===========================================================================
Model "BODY199" exists. Name "BODY199_1" used instead.
===========================================================================

===========================================================================
Model "BODY200" exists. Name "BODY200_1" used instead.
===========================================================================

===========================================================================
Model "BODY201" exists. Name "BODY201_1" used instead.
===========================================================================

===========================================================================
Model "BODY202" exists. Name "BODY202_1" used instead.
===========================================================================

===========================================================================
Model "BODY203" exists. Name "BODY203_1" used instead.
===========================================================================

===========================================================================
Model "BODY204" exists. Name "BODY204_1" used instead.
===========================================================================

===========================================================================
Model "BODY205" exists. Name "BODY205_1" used instead.
===========================================================================

===========================================================================
Model "BODY206" exists. Name "BODY206_1" used instead.
===========================================================================

===========================================================================
Model "BODY207" exists. Name "BODY207_1" used instead.
===========================================================================

===========================================================================
Model "BODY208" exists. Name "BODY208_1" used instead.
===========================================================================

===========================================================================
Model "BODY209" exists. Name "BODY209_1" used instead.
===========================================================================

===========================================================================
Model "BODY210" exists. Name "BODY210_1" used instead.
===========================================================================

===========================================================================
Model "BODY211" exists. Name "BODY211_1" used instead.
===========================================================================

===========================================================================
Model "BODY212" exists. Name "BODY212_1" used instead.
===========================================================================

===========================================================================
Model "BODY213" exists. Name "BODY213_1" used instead.
===========================================================================

===========================================================================
Model "BODY214" exists. Name "BODY214_1" used instead.
===========================================================================

===========================================================================
Model "BODY215" exists. Name "BODY215_1" used instead.
===========================================================================

===========================================================================
Model "BODY216" exists. Name "BODY216_1" used instead.
===========================================================================

===========================================================================
Model "BODY217" exists. Name "BODY217_1" used instead.
===========================================================================

===========================================================================
Model "BODY218" exists. Name "BODY218_1" used instead.
===========================================================================

===========================================================================
Model "BODY219" exists. Name "BODY219_1" used instead.
===========================================================================

===========================================================================
Model "BODY220" exists. Name "BODY220_1" used instead.
===========================================================================

===========================================================================
Model "BODY221" exists. Name "BODY221_1" used instead.
===========================================================================

===========================================================================
Model "BODY222" exists. Name "BODY222_1" used instead.
===========================================================================

===========================================================================
Model "BODY223" exists. Name "BODY223_1" used instead.
===========================================================================

===========================================================================
Model "BODY224" exists. Name "BODY224_1" used instead.
===========================================================================

===========================================================================
Model "BODY225" exists. Name "BODY225_1" used instead.
===========================================================================

===========================================================================
Model "BODY226" exists. Name "BODY226_1" used instead.
===========================================================================

===========================================================================
Model "BODY227" exists. Name "BODY227_1" used instead.
===========================================================================

===========================================================================
Model "BODY228" exists. Name "BODY228_1" used instead.
===========================================================================

===========================================================================
Model "BODY229" exists. Name "BODY229_1" used instead.
===========================================================================

===========================================================================
Model "BODY230" exists. Name "BODY230_1" used instead.
===========================================================================

===========================================================================
Model "BODY231" exists. Name "BODY231_1" used instead.
===========================================================================

===========================================================================
Model "BODY232" exists. Name "BODY232_1" used instead.
===========================================================================

===========================================================================
Model "BODY233" exists. Name "BODY233_1" used instead.
===========================================================================

===========================================================================
Model "BODY234" exists. Name "BODY234_1" used instead.
===========================================================================

===========================================================================
Model "BODY235" exists. Name "BODY235_1" used instead.
===========================================================================

===========================================================================
Model "BODY236" exists. Name "BODY236_1" used instead.
===========================================================================

===========================================================================
Model "BODY237" exists. Name "BODY237_1" used instead.
===========================================================================

===========================================================================
Model "BODY238" exists. Name "BODY238_1" used instead.
===========================================================================

===========================================================================
Model "BODY239" exists. Name "BODY239_1" used instead.
===========================================================================

===========================================================================
Model "BODY240" exists. Name "BODY240_1" used instead.
===========================================================================

===========================================================================
Model "BODY241" exists. Name "BODY241_1" used instead.
===========================================================================

===========================================================================
Model "BODY242" exists. Name "BODY242_1" used instead.
===========================================================================

===========================================================================
Model "BODY243" exists. Name "BODY243_1" used instead.
===========================================================================

===========================================================================
Model "BODY244" exists. Name "BODY244_1" used instead.
===========================================================================

===========================================================================
Model "BODY245" exists. Name "BODY245_1" used instead.
===========================================================================

===========================================================================
Model "115-2177-000_2" exists. Name "115-2177-000_2_1" used instead.
===========================================================================

===========================================================================
Model "090-0233-000_1" exists. Name "090-0233-000_1_1" used instead.
===========================================================================

===========================================================================
Model "BODY1-7963" exists. Name "BODY1-7963_1" used instead.
===========================================================================

===========================================================================
Model "BODY2-7964" exists. Name "BODY2-7964_1" used instead.
===========================================================================

===========================================================================
Model "BODY3-7965" exists. Name "BODY3-7965_1" used instead.
===========================================================================

===========================================================================
Model "BODY4-7966" exists. Name "BODY4-7966_1" used instead.
===========================================================================

===========================================================================
Model "BODY5-7967" exists. Name "BODY5-7967_1" used instead.
===========================================================================

===========================================================================
Model "BODY6-7968" exists. Name "BODY6-7968_1" used instead.
===========================================================================

===========================================================================
Model "BODY7-7969" exists. Name "BODY7-7969_1" used instead.
===========================================================================

===========================================================================
Model "BODY8-7970" exists. Name "BODY8-7970_1" used instead.
===========================================================================

===========================================================================
Model "BODY9-7971" exists. Name "BODY9-7971_1" used instead.
===========================================================================

===========================================================================
Model "BODY10-7972" exists. Name "BODY10-7972_1" used instead.
===========================================================================

===========================================================================
Model "BODY11-7973" exists. Name "BODY11-7973_1" used instead.
===========================================================================

===========================================================================
Model "BODY12-7974" exists. Name "BODY12-7974_1" used instead.
===========================================================================

===========================================================================
Model "BODY13-7975" exists. Name "BODY13-7975_1" used instead.
===========================================================================

===========================================================================
Model "BODY14-7976" exists. Name "BODY14-7976_1" used instead.
===========================================================================

===========================================================================
Model "BODY15-7977" exists. Name "BODY15-7977_1" used instead.
===========================================================================

===========================================================================
Model "BODY16-7978" exists. Name "BODY16-7978_1" used instead.
===========================================================================

===========================================================================
Model "BODY17-7979" exists. Name "BODY17-7979_1" used instead.
===========================================================================

===========================================================================
Model "BODY18-7980" exists. Name "BODY18-7980_1" used instead.
===========================================================================

===========================================================================
Model "BODY19-7981" exists. Name "BODY19-7981_1" used instead.
===========================================================================

===========================================================================
Model "BODY20-7982" exists. Name "BODY20-7982_1" used instead.
===========================================================================

===========================================================================
Model "BODY21-7983" exists. Name "BODY21-7983_1" used instead.
===========================================================================

===========================================================================
Model "BODY22-7984" exists. Name "BODY22-7984_1" used instead.
===========================================================================

===========================================================================
Model "BODY23-7985" exists. Name "BODY23-7985_1" used instead.
===========================================================================

===========================================================================
Model "BODY24-7986" exists. Name "BODY24-7986_1" used instead.
===========================================================================

===========================================================================
Model "BODY25-7987" exists. Name "BODY25-7987_1" used instead.
===========================================================================

===========================================================================
Model "BODY26-7988" exists. Name "BODY26-7988_1" used instead.
===========================================================================

===========================================================================
Model "BODY27-7989" exists. Name "BODY27-7989_1" used instead.
===========================================================================

===========================================================================
Model "BODY28-7990" exists. Name "BODY28-7990_1" used instead.
===========================================================================

===========================================================================
Model "BODY29-7991" exists. Name "BODY29-7991_1" used instead.
===========================================================================

===========================================================================
Model "BODY30-7992" exists. Name "BODY30-7992_1" used instead.
===========================================================================

===========================================================================
Model "BODY31-7993" exists. Name "BODY31-7993_1" used instead.
===========================================================================

===========================================================================
Model "BODY32-7994" exists. Name "BODY32-7994_1" used instead.
===========================================================================

===========================================================================
Model "BODY33-7995" exists. Name "BODY33-7995_1" used instead.
===========================================================================

===========================================================================
Model "BODY34-7996" exists. Name "BODY34-7996_1" used instead.
===========================================================================

===========================================================================
Model "BODY35-7997" exists. Name "BODY35-7997_1" used instead.
===========================================================================

===========================================================================
Model "BODY36-7998" exists. Name "BODY36-7998_1" used instead.
===========================================================================

===========================================================================
Model "BODY37-7999" exists. Name "BODY37-7999_1" used instead.
===========================================================================

===========================================================================
Model "BODY38-8000" exists. Name "BODY38-8000_1" used instead.
===========================================================================

===========================================================================
Model "BODY39-8001" exists. Name "BODY39-8001_1" used instead.
===========================================================================

===========================================================================
Model "BODY40-8002" exists. Name "BODY40-8002_1" used instead.
===========================================================================

===========================================================================
Model "BODY41-8003" exists. Name "BODY41-8003_1" used instead.
===========================================================================

===========================================================================
Model "BODY42-8004" exists. Name "BODY42-8004_1" used instead.
===========================================================================

===========================================================================
Model "BODY43-8005" exists. Name "BODY43-8005_1" used instead.
===========================================================================

===========================================================================
Model "BODY44-8006" exists. Name "BODY44-8006_1" used instead.
===========================================================================

===========================================================================
Model "BODY45-8007" exists. Name "BODY45-8007_1" used instead.
===========================================================================

===========================================================================
Model "BODY46-8008" exists. Name "BODY46-8008_1" used instead.
===========================================================================

===========================================================================
Model "BODY47-8009" exists. Name "BODY47-8009_1" used instead.
===========================================================================

===========================================================================
Model "BODY48-8010" exists. Name "BODY48-8010_1" used instead.
===========================================================================

===========================================================================
Model "BODY49-8011" exists. Name "BODY49-8011_1" used instead.
===========================================================================

===========================================================================
Model "BODY50-8012" exists. Name "BODY50-8012_1" used instead.
===========================================================================

===========================================================================
Model "BODY51-8013" exists. Name "BODY51-8013_1" used instead.
===========================================================================

===========================================================================
Model "BODY52-8014" exists. Name "BODY52-8014_1" used instead.
===========================================================================

===========================================================================
Model "BODY53-8015" exists. Name "BODY53-8015_1" used instead.
===========================================================================

===========================================================================
Model "BODY54-8016" exists. Name "BODY54-8016_1" used instead.
===========================================================================

===========================================================================
Model "BODY55-8017" exists. Name "BODY55-8017_1" used instead.
===========================================================================

===========================================================================
Model "BODY56-8018" exists. Name "BODY56-8018_1" used instead.
===========================================================================

===========================================================================
Model "BODY57-8019" exists. Name "BODY57-8019_1" used instead.
===========================================================================

===========================================================================
Model "BODY58-8020" exists. Name "BODY58-8020_1" used instead.
===========================================================================

===========================================================================
Model "BODY59-8021" exists. Name "BODY59-8021_1" used instead.
===========================================================================

===========================================================================
Model "BODY60-8022" exists. Name "BODY60-8022_1" used instead.
===========================================================================

===========================================================================
Model "BODY61-8023" exists. Name "BODY61-8023_1" used instead.
===========================================================================

===========================================================================
Model "BODY62-8024" exists. Name "BODY62-8024_1" used instead.
===========================================================================

===========================================================================
Model "BODY63-8025" exists. Name "BODY63-8025_1" used instead.
===========================================================================

===========================================================================
Model "BODY64-8026" exists. Name "BODY64-8026_1" used instead.
===========================================================================

===========================================================================
Model "BODY65-8027" exists. Name "BODY65-8027_1" used instead.
===========================================================================

===========================================================================
Model "BODY66-8028" exists. Name "BODY66-8028_1" used instead.
===========================================================================

===========================================================================
Model "BODY67-8029" exists. Name "BODY67-8029_1" used instead.
===========================================================================

===========================================================================
Model "BODY68-8030" exists. Name "BODY68-8030_1" used instead.
===========================================================================

===========================================================================
Model "BODY69-8031" exists. Name "BODY69-8031_1" used instead.
===========================================================================

===========================================================================
Model "BODY70-8032" exists. Name "BODY70-8032_1" used instead.
===========================================================================

===========================================================================
Model "BODY71-8033" exists. Name "BODY71-8033_1" used instead.
===========================================================================

===========================================================================
Model "BODY72-8034" exists. Name "BODY72-8034_1" used instead.
===========================================================================

===========================================================================
Model "115-2628-000_3" exists. Name "115-2628-000_3_1" used instead.
===========================================================================

===========================================================================
Model "092-0073-000_1" exists. Name "092-0073-000_1_1" used instead.
===========================================================================

===========================================================================
Model "IND_SMD_0402_H060" exists. Name "IND_SMD_0402_H060_1" used instead.
===========================================================================

===========================================================================
Model "300-0869-000_3" exists. Name "300-0869-000_3_1" used instead.
===========================================================================

===========================================================================
Model "300-0402-000_1" exists. Name "300-0402-000_1_1" used instead.
===========================================================================

===========================================================================
Model "300-0560-000_1" exists. Name "300-0560-000_1_1" used instead.
===========================================================================

===========================================================================
Model "174-0159-000_2" exists. Name "174-0159-000_2_1" used instead.
===========================================================================

===========================================================================
Model "BODY1-8044" exists. Name "BODY1-8044_1" used instead.
===========================================================================

===========================================================================
Model "BODY2-8045" exists. Name "BODY2-8045_1" used instead.
===========================================================================

===========================================================================
Model "BODY3-8046" exists. Name "BODY3-8046_1" used instead.
===========================================================================

===========================================================================
Model "BODY4-8047" exists. Name "BODY4-8047_1" used instead.
===========================================================================

===========================================================================
Model "BODY5-8048" exists. Name "BODY5-8048_1" used instead.
===========================================================================

===========================================================================
Model "BODY6-8049" exists. Name "BODY6-8049_1" used instead.
===========================================================================

===========================================================================
Model "BODY7-8050" exists. Name "BODY7-8050_1" used instead.
===========================================================================

===========================================================================
Model "BODY8-8051" exists. Name "BODY8-8051_1" used instead.
===========================================================================

===========================================================================
Model "BODY9-8052" exists. Name "BODY9-8052_1" used instead.
===========================================================================

===========================================================================
Model "BODY10-8053" exists. Name "BODY10-8053_1" used instead.
===========================================================================

===========================================================================
Model "BODY11-8054" exists. Name "BODY11-8054_1" used instead.
===========================================================================

===========================================================================
Model "BODY12-8055" exists. Name "BODY12-8055_1" used instead.
===========================================================================

===========================================================================
Model "BODY13-8056" exists. Name "BODY13-8056_1" used instead.
===========================================================================

===========================================================================
Model "BODY14-8057" exists. Name "BODY14-8057_1" used instead.
===========================================================================

===========================================================================
Model "BODY15-8058" exists. Name "BODY15-8058_1" used instead.
===========================================================================

===========================================================================
Model "BODY16-8059" exists. Name "BODY16-8059_1" used instead.
===========================================================================

===========================================================================
Model "BODY17-8060" exists. Name "BODY17-8060_1" used instead.
===========================================================================

===========================================================================
Model "BODY18-8061" exists. Name "BODY18-8061_1" used instead.
===========================================================================

===========================================================================
Model "BODY19-8062" exists. Name "BODY19-8062_1" used instead.
===========================================================================

===========================================================================
Model "BODY2-8063" exists. Name "BODY2-8063_1" used instead.
===========================================================================

===========================================================================
Model "BODY3-8064" exists. Name "BODY3-8064_1" used instead.
===========================================================================

===========================================================================
Model "BODY4-8065" exists. Name "BODY4-8065_1" used instead.
===========================================================================

===========================================================================
Model "BODY5-8066" exists. Name "BODY5-8066_1" used instead.
===========================================================================

===========================================================================
Model "BODY6-8067" exists. Name "BODY6-8067_1" used instead.
===========================================================================

===========================================================================
Model "BODY7-8068" exists. Name "BODY7-8068_1" used instead.
===========================================================================

===========================================================================
Model "BODY8-8069" exists. Name "BODY8-8069_1" used instead.
===========================================================================

===========================================================================
Model "BODY9-8070" exists. Name "BODY9-8070_1" used instead.
===========================================================================

===========================================================================
Model "BODY10-8071" exists. Name "BODY10-8071_1" used instead.
===========================================================================

===========================================================================
Model "BODY11-8072" exists. Name "BODY11-8072_1" used instead.
===========================================================================

===========================================================================
Model "BODY12-8073" exists. Name "BODY12-8073_1" used instead.
===========================================================================

===========================================================================
Model "BODY13-8074" exists. Name "BODY13-8074_1" used instead.
===========================================================================

===========================================================================
Model "BODY14-8075" exists. Name "BODY14-8075_1" used instead.
===========================================================================

===========================================================================
Model "BODY15-8076" exists. Name "BODY15-8076_1" used instead.
===========================================================================

===========================================================================
Model "BODY16-8077" exists. Name "BODY16-8077_1" used instead.
===========================================================================

===========================================================================
Model "BODY17-8078" exists. Name "BODY17-8078_1" used instead.
===========================================================================

===========================================================================
Model "BODY18-8079" exists. Name "BODY18-8079_1" used instead.
===========================================================================

===========================================================================
Model "BODY19-8080" exists. Name "BODY19-8080_1" used instead.
===========================================================================

===========================================================================
Model "BODY20-8081" exists. Name "BODY20-8081_1" used instead.
===========================================================================

===========================================================================
Model "BODY21-8082" exists. Name "BODY21-8082_1" used instead.
===========================================================================

===========================================================================
Model "BODY22-8083" exists. Name "BODY22-8083_1" used instead.
===========================================================================

===========================================================================
Model "074-0221-000_3" exists. Name "074-0221-000_3_1" used instead.
===========================================================================

===========================================================================
Model "2016MM_H100" exists. Name "2016MM_H100_1" used instead.
===========================================================================

===========================================================================
Model "085-0328-000_2" exists. Name "085-0328-000_2_1" used instead.
===========================================================================

===========================================================================
Model "074-0216-000_2" exists. Name "074-0216-000_2_1" used instead.
===========================================================================

===========================================================================
Model "060-0002-000_1" exists. Name "060-0002-000_1_1" used instead.
===========================================================================

===========================================================================
Model "316-0697-000_1" exists. Name "316-0697-000_1_1" used instead.
===========================================================================

===========================================================================
Model "032-0256-000_1" exists. Name "032-0256-000_1_1" used instead.
===========================================================================

===========================================================================
Model "041-0092-000_1" exists. Name "041-0092-000_1_1" used instead.
===========================================================================

===========================================================================
Model "BODY1-8113" exists. Name "BODY1-8113_1" used instead.
===========================================================================

===========================================================================
Model "BODY2-8114" exists. Name "BODY2-8114_1" used instead.
===========================================================================

===========================================================================
Model "BODY3-8115" exists. Name "BODY3-8115_1" used instead.
===========================================================================

===========================================================================
Model "BODY4-8116" exists. Name "BODY4-8116_1" used instead.
===========================================================================

===========================================================================
Model "BODY5-8117" exists. Name "BODY5-8117_1" used instead.
===========================================================================

===========================================================================
Model "BODY6-8118" exists. Name "BODY6-8118_1" used instead.
===========================================================================

===========================================================================
Model "BODY7-8119" exists. Name "BODY7-8119_1" used instead.
===========================================================================

===========================================================================
Model "BODY8-8120" exists. Name "BODY8-8120_1" used instead.
===========================================================================

===========================================================================
Model "BODY9-8121" exists. Name "BODY9-8121_1" used instead.
===========================================================================

===========================================================================
Model "0805_H140" exists. Name "0805_H140_1" used instead.
===========================================================================

===========================================================================
Model "0805_H150" exists. Name "0805_H150_1" used instead.
===========================================================================

===========================================================================
Model "080-1669-000_2" exists. Name "080-1669-000_2_1" used instead.
===========================================================================

===========================================================================
Model "142-63448-1GEN_A00" exists. Name "142-63448-1GEN_A00_1" used instead.
===========================================================================

===========================================================================
Model "080-0051-000_3" exists. Name "080-0051-000_3_1" used instead.
===========================================================================

===========================================================================
Model "PORG_HEAT_SINK" exists. Name "PORG_HEAT_SINK_1" used instead.
===========================================================================

===========================================================================
Model "PORG_LEAF_SPRING_DRAWN" exists. Name "PORG_LEAF_SPRING_DRAWN_1" used instead.
===========================================================================

===========================================================================
Model "155-0576-000" exists. Name "155-0576-000_1" used instead.
===========================================================================
